 
cpldfit:  version K.39                              Xilinx Inc.
                                  Fitter Report
Design Name: Main                                Date:  7-21-2011,  9:34AM
Device Used: XC2C32A-6-VQ44
Fitting Status: Successful

*************************  Mapped Resource Summary  **************************

Macrocells     Product Terms    Function Block   Registers      Pins           
Used/Tot       Used/Tot         Inps Used/Tot    Used/Tot       Used/Tot       
30 /32  ( 94%) 65  /112  ( 58%) 43  /80   ( 54%) 29 /32  ( 91%) 5  /33  ( 15%)

** Function Block Resources **

Function Mcells   FB Inps  Pterms   IO       CTC      CTR      CTS      CTE     
Block    Used/Tot Used/Tot Used/Tot Used/Tot Used/Tot Used/Tot Used/Tot Used/Tot
FB1      16/16*    17/40    31/56     4/16    0/1      0/1      0/1      0/1
FB2      14/16     26/40    34/56     0/16    0/1      0/1      0/1      0/1
         -----    -------  -------   -----    ---      ---      ---      ---
Total    30/32     43/80    65/112    4/32    0/2      0/2      0/2      0/2 

CTC - Control Term Clock
CTR - Control Term Reset
CTS - Control Term Set
CTE - Control Term Output Enable

* - Resource is exhausted

** Global Control Resources **

GCK         GSR         GTS         
Used/Tot    Used/Tot    Used/Tot    
1/3         0/1         0/4

Signal 'iCLK' mapped onto global clock net GCK2.

** Pin Resources **

Signal Type    Required     Mapped  |  Pin Type            Used    Total 
------------------------------------|------------------------------------
                                    |  I                :     0      1
Input         :    0           0    |  I/O              :     0     24
Output        :    4           4    |  GCK/IO           :     1      3
Bidirectional :    0           0    |  GTS/IO           :     4      4
GCK           :    1           1    |  GSR/IO           :     0      1
GTS           :    0           0    |  
GSR           :    0           0    |  
                 ----        ----
        Total      5           5

End of Mapped Resource Summary
**************************  Errors and Warnings  ***************************

INFO:Cpld - Inferring BUFG constraint for signal 'iCLK' based upon the LOC
   constraint 'P1'. It is recommended that you declare this BUFG explicitedly in
   your design. Note that for certain device families the output of a BUFG
   constraint can not drive a gated clock, and the BUFG constraint will be
   ignored.
*************************  Summary of Mapped Logic  ************************

** 4 Outputs **

Signal                 Total Total Loc     Pin   Pin       Pin     I/O      I/O       Slew Reg     Reg Init
Name                   Pts   Inps          No.   Type      Use     STD      Style     Rate Use     State
oLED<0>                2     2     FB1_4   34    GTS/I/O   O       LVCMOS18           FAST DEFF    RESET
oLED<1>                2     2     FB1_5   33    GTS/I/O   O       LVCMOS18           FAST DEFF/S  SET
oLED<2>                2     2     FB1_6   32    GTS/I/O   O       LVCMOS18           FAST DEFF/S  SET
oLED<3>                2     2     FB1_7   31    GTS/I/O   O       LVCMOS18           FAST DEFF/S  SET

** 26 Buried Nodes **

Signal                 Total Total Loc     Reg     Reg Init
Name                   Pts   Inps          Use     State
sr_counter<11>         2     13    FB1_1   TFF     RESET
sr_counter<10>         2     12    FB1_2   TFF     RESET
sr_counter<9>          2     11    FB1_3   TFF     RESET
sr_counter<8>          2     10    FB1_8   TFF     RESET
sr_counter<7>          2     9     FB1_9   TFF     RESET
sr_counter<6>          2     8     FB1_10  TFF     RESET
sr_counter<5>          2     7     FB1_11  TFF     RESET
sr_counter<4>          2     6     FB1_12  TFF     RESET
sr_counter<3>          2     5     FB1_13  TFF     RESET
sr_counter<2>          2     4     FB1_14  TFF     RESET
sr_counter<1>          2     3     FB1_15  DFF     RESET
sr_counter<0>          1     2     FB1_16  DFF     RESET
sr_counter_cmp_ge0000  8     19    FB2_3           
sr_counter<24>         2     26    FB2_4   TFF     RESET
sr_counter<23>         2     25    FB2_5   TFF     RESET
sr_counter<22>         2     24    FB2_6   TFF     RESET
sr_counter<21>         2     23    FB2_7   TFF     RESET
sr_counter<20>         2     22    FB2_8   TFF     RESET
sr_counter<19>         2     21    FB2_9   TFF     RESET
sr_counter<18>         2     20    FB2_10  TFF     RESET
sr_counter<17>         2     19    FB2_11  TFF     RESET
sr_counter<16>         2     18    FB2_12  TFF     RESET
sr_counter<15>         2     17    FB2_13  TFF     RESET
sr_counter<14>         2     16    FB2_14  TFF     RESET
sr_counter<13>         2     15    FB2_15  TFF     RESET
sr_counter<12>         2     14    FB2_16  TFF     RESET

** 1 Inputs **

Signal                 Loc     Pin   Pin       Pin     I/O      I/O
Name                           No.   Type      Use     STD      Style
iCLK                   FB2_7   1     GCK/I/O   GCK     LVCMOS18 KPR

Legend:
Pin No.   - ~     - User Assigned
I/O Style - OD    - OpenDrain
          - PU    - Pullup
          - KPR   - Keeper
          - S     - SchmittTrigger
          - DG    - DataGate
Reg Use   - LATCH - Transparent latch
          - DFF   - D-flip-flop
          - DEFF  - D-flip-flop with clock enable
          - TFF   - T-flip-flop
          - TDFF  - Dual-edge-triggered T-flip-flop
          - DDFF  - Dual-edge-triggered flip-flop
          - DDEFF - Dual-edge-triggered flip-flop with clock enable
          /S (after any above flop/latch type) indicates initial state is Set
**************************  Function Block Details  ************************
Legend:
Total Pt     - Total product terms used by the macrocell signal
Loc          - Location where logic was mapped in device
Pin Type/Use - I  - Input             GCK - Global clock
               O  - Output            GTS - Global Output Enable
              (b) - Buried macrocell  GSR - Global Set/Reset
              VRF - Vref
Pin No.      - ~  - User Assigned
*********************************** FB1  ***********************************
This function block is part of I/O Bank number:               2
Number of function block inputs used/remaining:               17/23
Number of function block control terms used/remaining:        0/4
Number of PLA product terms used/remaining:                   31/25
Signal                        Total Loc     Pin  Pin     Pin   CTC CTR CTS CTE
Name                          Pt            No.  Type    Use   
sr_counter<11>                2     FB1_1   38   I/O     (b)               
sr_counter<10>                2     FB1_2   37   I/O     (b)               
sr_counter<9>                 2     FB1_3   36   I/O     (b)               
oLED<0>                       2     FB1_4   34   GTS/I/O O                 
oLED<1>                       2     FB1_5   33   GTS/I/O O                 
oLED<2>                       2     FB1_6   32   GTS/I/O O                 
oLED<3>                       2     FB1_7   31   GTS/I/O O                 
sr_counter<8>                 2     FB1_8   30   GSR/I/O (b)               
sr_counter<7>                 2     FB1_9   29   I/O     (b)               
sr_counter<6>                 2     FB1_10  28   I/O     (b)               
sr_counter<5>                 2     FB1_11  27   I/O     (b)               
sr_counter<4>                 2     FB1_12  23   I/O     (b)               
sr_counter<3>                 2     FB1_13  22   I/O     (b)               
sr_counter<2>                 2     FB1_14  21   I/O     (b)               
sr_counter<1>                 2     FB1_15  20   I/O     (b)               
sr_counter<0>                 1     FB1_16  19   I/O     (b)               

Signals Used by Logic in Function Block
  1: oLED<0>            7: sr_counter<11>    13: sr_counter<6> 
  2: oLED<1>            8: sr_counter<1>     14: sr_counter<7> 
  3: oLED<2>            9: sr_counter<2>     15: sr_counter<8> 
  4: oLED<3>           10: sr_counter<3>     16: sr_counter<9> 
  5: sr_counter<0>     11: sr_counter<4>     17: sr_counter_cmp_ge0000 
  6: sr_counter<10>    12: sr_counter<5>    

Signal                     1         2         3         4 FB      
Name             0----+----0----+----0----+----0----+----0 Inputs  
sr_counter<11>    ....XXXXXXXXXXXXX....................... 13      
sr_counter<10>    ....XX.XXXXXXXXXX....................... 12      
sr_counter<9>     ....X..XXXXXXXXXX....................... 11      
oLED<0>           ...X............X....................... 2       
oLED<1>           X...............X....................... 2       
oLED<2>           .X..............X....................... 2       
oLED<3>           ..X.............X....................... 2       
sr_counter<8>     ....X..XXXXXXXX.X....................... 10      
sr_counter<7>     ....X..XXXXXXX..X....................... 9       
sr_counter<6>     ....X..XXXXXX...X....................... 8       
sr_counter<5>     ....X..XXXXX....X....................... 7       
sr_counter<4>     ....X..XXXX.....X....................... 6       
sr_counter<3>     ....X..XXX......X....................... 5       
sr_counter<2>     ....X..XX.......X....................... 4       
sr_counter<1>     ....X..X........X....................... 3       
sr_counter<0>     ....X...........X....................... 2       
                 0----+----1----+----2----+----3----+----4
                           0         0         0         0
*********************************** FB2  ***********************************
This function block is part of I/O Bank number:               1
Number of function block inputs used/remaining:               26/14
Number of function block control terms used/remaining:        0/4
Number of PLA product terms used/remaining:                   34/22
Signal                        Total Loc     Pin  Pin     Pin   CTC CTR CTS CTE
Name                          Pt            No.  Type    Use   
(unused)                      0     FB2_1   39   I/O           
(unused)                      0     FB2_2   40   I/O           
sr_counter_cmp_ge0000         8     FB2_3   41   I/O     (b)               
sr_counter<24>                2     FB2_4   42   I/O     (b)               
sr_counter<23>                2     FB2_5   43   GCK/I/O (b)               
sr_counter<22>                2     FB2_6   44   GCK/I/O (b)               
sr_counter<21>                2     FB2_7   1    GCK/I/O GCK               
sr_counter<20>                2     FB2_8   2    I/O     (b)               
sr_counter<19>                2     FB2_9   3    I/O     (b)               
sr_counter<18>                2     FB2_10  5    I/O     (b)               
sr_counter<17>                2     FB2_11  6    I/O     (b)               
sr_counter<16>                2     FB2_12  8    I/O     (b)               
sr_counter<15>                2     FB2_13  12   I/O     (b)               
sr_counter<14>                2     FB2_14  13   I/O     (b)               
sr_counter<13>                2     FB2_15  14   I/O     (b)               
sr_counter<12>                2     FB2_16  16   I/O     (b)               

Signals Used by Logic in Function Block
  1: sr_counter<0>     10: sr_counter<18>    19: sr_counter<3> 
  2: sr_counter<10>    11: sr_counter<19>    20: sr_counter<4> 
  3: sr_counter<11>    12: sr_counter<1>     21: sr_counter<5> 
  4: sr_counter<12>    13: sr_counter<20>    22: sr_counter<6> 
  5: sr_counter<13>    14: sr_counter<21>    23: sr_counter<7> 
  6: sr_counter<14>    15: sr_counter<22>    24: sr_counter<8> 
  7: sr_counter<15>    16: sr_counter<23>    25: sr_counter<9> 
  8: sr_counter<16>    17: sr_counter<24>    26: sr_counter_cmp_ge0000 
  9: sr_counter<17>    18: sr_counter<2>    

Signal                     1         2         3         4 FB      
Name             0----+----0----+----0----+----0----+----0 Inputs  
sr_counter_cmp_ge0000 
                  .XXXXXXXXXX.XXXXX....XXXX............... 19      
sr_counter<24>    XXXXXXXXXXXXXXXXXXXXXXXXXX.............. 26      
sr_counter<23>    XXXXXXXXXXXXXXXX.XXXXXXXXX.............. 25      
sr_counter<22>    XXXXXXXXXXXXXXX..XXXXXXXXX.............. 24      
sr_counter<21>    XXXXXXXXXXXXXX...XXXXXXXXX.............. 23      
sr_counter<20>    XXXXXXXXXXXXX....XXXXXXXXX.............. 22      
sr_counter<19>    XXXXXXXXXXXX.....XXXXXXXXX.............. 21      
sr_counter<18>    XXXXXXXXXX.X.....XXXXXXXXX.............. 20      
sr_counter<17>    XXXXXXXXX..X.....XXXXXXXXX.............. 19      
sr_counter<16>    XXXXXXXX...X.....XXXXXXXXX.............. 18      
sr_counter<15>    XXXXXXX....X.....XXXXXXXXX.............. 17      
sr_counter<14>    XXXXXX.....X.....XXXXXXXXX.............. 16      
sr_counter<13>    XXXXX......X.....XXXXXXXXX.............. 15      
sr_counter<12>    XXXX.......X.....XXXXXXXXX.............. 14      
                 0----+----1----+----2----+----3----+----4
                           0         0         0         0
*******************************  Equations  ********************************

********** Mapped Logic **********

FDCPE_oLED0: FDCPE port map (oLED(0),oLED(3),iCLK,'0','0',sr_counter_cmp_ge0000);

FDCPE_oLED1: FDCPE port map (oLED(1),oLED(0),iCLK,'0','0',sr_counter_cmp_ge0000);

FDCPE_oLED2: FDCPE port map (oLED(2),oLED(1),iCLK,'0','0',sr_counter_cmp_ge0000);

FDCPE_oLED3: FDCPE port map (oLED(3),oLED(2),iCLK,'0','0',sr_counter_cmp_ge0000);

FDCPE_sr_counter0: FDCPE port map (sr_counter(0),sr_counter_D(0),iCLK,'0','0','1');
sr_counter_D(0) <= (NOT sr_counter_cmp_ge0000 AND NOT sr_counter(0));

FDCPE_sr_counter1: FDCPE port map (sr_counter(1),sr_counter_D(1),iCLK,'0','0','1');
sr_counter_D(1) <= ((NOT sr_counter_cmp_ge0000 AND sr_counter(0) AND 
	NOT sr_counter(1))
	OR (NOT sr_counter_cmp_ge0000 AND NOT sr_counter(0) AND 
	sr_counter(1)));

FTCPE_sr_counter2: FTCPE port map (sr_counter(2),sr_counter_T(2),iCLK,'0','0','1');
sr_counter_T(2) <= ((sr_counter_cmp_ge0000 AND sr_counter(2))
	OR (NOT sr_counter_cmp_ge0000 AND sr_counter(0) AND 
	sr_counter(1)));

FTCPE_sr_counter3: FTCPE port map (sr_counter(3),sr_counter_T(3),iCLK,'0','0','1');
sr_counter_T(3) <= ((sr_counter_cmp_ge0000 AND sr_counter(3))
	OR (NOT sr_counter_cmp_ge0000 AND sr_counter(0) AND 
	sr_counter(1) AND sr_counter(2)));

FTCPE_sr_counter4: FTCPE port map (sr_counter(4),sr_counter_T(4),iCLK,'0','0','1');
sr_counter_T(4) <= ((sr_counter_cmp_ge0000 AND sr_counter(4))
	OR (NOT sr_counter_cmp_ge0000 AND sr_counter(0) AND 
	sr_counter(1) AND sr_counter(2) AND sr_counter(3)));

FTCPE_sr_counter5: FTCPE port map (sr_counter(5),sr_counter_T(5),iCLK,'0','0','1');
sr_counter_T(5) <= ((sr_counter_cmp_ge0000 AND sr_counter(5))
	OR (NOT sr_counter_cmp_ge0000 AND sr_counter(0) AND 
	sr_counter(1) AND sr_counter(2) AND sr_counter(3) AND sr_counter(4)));

FTCPE_sr_counter6: FTCPE port map (sr_counter(6),sr_counter_T(6),iCLK,'0','0','1');
sr_counter_T(6) <= ((sr_counter_cmp_ge0000 AND sr_counter(6))
	OR (NOT sr_counter_cmp_ge0000 AND sr_counter(0) AND 
	sr_counter(1) AND sr_counter(2) AND sr_counter(3) AND sr_counter(4) AND 
	sr_counter(5)));

FTCPE_sr_counter7: FTCPE port map (sr_counter(7),sr_counter_T(7),iCLK,'0','0','1');
sr_counter_T(7) <= ((sr_counter_cmp_ge0000 AND sr_counter(7))
	OR (NOT sr_counter_cmp_ge0000 AND sr_counter(0) AND 
	sr_counter(6) AND sr_counter(1) AND sr_counter(2) AND sr_counter(3) AND 
	sr_counter(4) AND sr_counter(5)));

FTCPE_sr_counter8: FTCPE port map (sr_counter(8),sr_counter_T(8),iCLK,'0','0','1');
sr_counter_T(8) <= ((sr_counter_cmp_ge0000 AND sr_counter(8))
	OR (NOT sr_counter_cmp_ge0000 AND sr_counter(0) AND 
	sr_counter(6) AND sr_counter(1) AND sr_counter(2) AND sr_counter(3) AND 
	sr_counter(4) AND sr_counter(5) AND sr_counter(7)));

FTCPE_sr_counter9: FTCPE port map (sr_counter(9),sr_counter_T(9),iCLK,'0','0','1');
sr_counter_T(9) <= ((sr_counter_cmp_ge0000 AND sr_counter(9))
	OR (NOT sr_counter_cmp_ge0000 AND sr_counter(0) AND 
	sr_counter(6) AND sr_counter(1) AND sr_counter(2) AND sr_counter(3) AND 
	sr_counter(4) AND sr_counter(5) AND sr_counter(7) AND sr_counter(8)));

FTCPE_sr_counter10: FTCPE port map (sr_counter(10),sr_counter_T(10),iCLK,'0','0','1');
sr_counter_T(10) <= ((sr_counter_cmp_ge0000 AND sr_counter(10))
	OR (NOT sr_counter_cmp_ge0000 AND sr_counter(0) AND 
	sr_counter(6) AND sr_counter(1) AND sr_counter(2) AND sr_counter(3) AND 
	sr_counter(4) AND sr_counter(5) AND sr_counter(7) AND sr_counter(8) AND 
	sr_counter(9)));

FTCPE_sr_counter11: FTCPE port map (sr_counter(11),sr_counter_T(11),iCLK,'0','0','1');
sr_counter_T(11) <= ((sr_counter_cmp_ge0000 AND sr_counter(11))
	OR (NOT sr_counter_cmp_ge0000 AND sr_counter(10) AND 
	sr_counter(0) AND sr_counter(6) AND sr_counter(1) AND sr_counter(2) AND 
	sr_counter(3) AND sr_counter(4) AND sr_counter(5) AND sr_counter(7) AND 
	sr_counter(8) AND sr_counter(9)));

FTCPE_sr_counter12: FTCPE port map (sr_counter(12),sr_counter_T(12),iCLK,'0','0','1');
sr_counter_T(12) <= ((sr_counter_cmp_ge0000 AND sr_counter(12))
	OR (NOT sr_counter_cmp_ge0000 AND sr_counter(10) AND 
	sr_counter(0) AND sr_counter(6) AND sr_counter(1) AND sr_counter(2) AND 
	sr_counter(3) AND sr_counter(4) AND sr_counter(5) AND sr_counter(7) AND 
	sr_counter(8) AND sr_counter(9) AND sr_counter(11)));

FTCPE_sr_counter13: FTCPE port map (sr_counter(13),sr_counter_T(13),iCLK,'0','0','1');
sr_counter_T(13) <= ((sr_counter_cmp_ge0000 AND sr_counter(13))
	OR (NOT sr_counter_cmp_ge0000 AND sr_counter(10) AND 
	sr_counter(0) AND sr_counter(6) AND sr_counter(1) AND sr_counter(2) AND 
	sr_counter(3) AND sr_counter(4) AND sr_counter(5) AND sr_counter(7) AND 
	sr_counter(8) AND sr_counter(9) AND sr_counter(11) AND sr_counter(12)));

FTCPE_sr_counter14: FTCPE port map (sr_counter(14),sr_counter_T(14),iCLK,'0','0','1');
sr_counter_T(14) <= ((sr_counter_cmp_ge0000 AND sr_counter(14))
	OR (NOT sr_counter_cmp_ge0000 AND sr_counter(10) AND 
	sr_counter(0) AND sr_counter(6) AND sr_counter(1) AND sr_counter(2) AND 
	sr_counter(3) AND sr_counter(4) AND sr_counter(5) AND sr_counter(7) AND 
	sr_counter(8) AND sr_counter(9) AND sr_counter(11) AND sr_counter(12) AND 
	sr_counter(13)));

FTCPE_sr_counter15: FTCPE port map (sr_counter(15),sr_counter_T(15),iCLK,'0','0','1');
sr_counter_T(15) <= ((sr_counter_cmp_ge0000 AND sr_counter(15))
	OR (NOT sr_counter_cmp_ge0000 AND sr_counter(10) AND 
	sr_counter(0) AND sr_counter(6) AND sr_counter(1) AND sr_counter(2) AND 
	sr_counter(3) AND sr_counter(4) AND sr_counter(5) AND sr_counter(7) AND 
	sr_counter(8) AND sr_counter(9) AND sr_counter(11) AND sr_counter(12) AND 
	sr_counter(13) AND sr_counter(14)));

FTCPE_sr_counter16: FTCPE port map (sr_counter(16),sr_counter_T(16),iCLK,'0','0','1');
sr_counter_T(16) <= ((sr_counter_cmp_ge0000 AND sr_counter(16))
	OR (NOT sr_counter_cmp_ge0000 AND sr_counter(10) AND 
	sr_counter(0) AND sr_counter(6) AND sr_counter(1) AND sr_counter(2) AND 
	sr_counter(3) AND sr_counter(4) AND sr_counter(5) AND sr_counter(7) AND 
	sr_counter(8) AND sr_counter(9) AND sr_counter(11) AND sr_counter(12) AND 
	sr_counter(13) AND sr_counter(14) AND sr_counter(15)));

FTCPE_sr_counter17: FTCPE port map (sr_counter(17),sr_counter_T(17),iCLK,'0','0','1');
sr_counter_T(17) <= ((sr_counter_cmp_ge0000 AND sr_counter(17))
	OR (NOT sr_counter_cmp_ge0000 AND sr_counter(10) AND 
	sr_counter(0) AND sr_counter(6) AND sr_counter(1) AND sr_counter(2) AND 
	sr_counter(3) AND sr_counter(4) AND sr_counter(5) AND sr_counter(7) AND 
	sr_counter(8) AND sr_counter(9) AND sr_counter(11) AND sr_counter(12) AND 
	sr_counter(13) AND sr_counter(14) AND sr_counter(16) AND sr_counter(15)));

FTCPE_sr_counter18: FTCPE port map (sr_counter(18),sr_counter_T(18),iCLK,'0','0','1');
sr_counter_T(18) <= ((sr_counter_cmp_ge0000 AND sr_counter(18))
	OR (NOT sr_counter_cmp_ge0000 AND sr_counter(10) AND 
	sr_counter(0) AND sr_counter(6) AND sr_counter(1) AND sr_counter(2) AND 
	sr_counter(3) AND sr_counter(4) AND sr_counter(5) AND sr_counter(7) AND 
	sr_counter(8) AND sr_counter(9) AND sr_counter(11) AND sr_counter(12) AND 
	sr_counter(13) AND sr_counter(14) AND sr_counter(16) AND sr_counter(15) AND 
	sr_counter(17)));

FTCPE_sr_counter19: FTCPE port map (sr_counter(19),sr_counter_T(19),iCLK,'0','0','1');
sr_counter_T(19) <= ((sr_counter_cmp_ge0000 AND sr_counter(19))
	OR (NOT sr_counter_cmp_ge0000 AND sr_counter(10) AND 
	sr_counter(0) AND sr_counter(6) AND sr_counter(1) AND sr_counter(2) AND 
	sr_counter(3) AND sr_counter(4) AND sr_counter(5) AND sr_counter(7) AND 
	sr_counter(8) AND sr_counter(9) AND sr_counter(11) AND sr_counter(12) AND 
	sr_counter(13) AND sr_counter(14) AND sr_counter(16) AND sr_counter(15) AND 
	sr_counter(18) AND sr_counter(17)));

FTCPE_sr_counter20: FTCPE port map (sr_counter(20),sr_counter_T(20),iCLK,'0','0','1');
sr_counter_T(20) <= ((sr_counter_cmp_ge0000 AND sr_counter(20))
	OR (NOT sr_counter_cmp_ge0000 AND sr_counter(10) AND 
	sr_counter(0) AND sr_counter(6) AND sr_counter(1) AND sr_counter(2) AND 
	sr_counter(3) AND sr_counter(4) AND sr_counter(5) AND sr_counter(7) AND 
	sr_counter(8) AND sr_counter(9) AND sr_counter(11) AND sr_counter(12) AND 
	sr_counter(13) AND sr_counter(14) AND sr_counter(16) AND sr_counter(15) AND 
	sr_counter(18) AND sr_counter(17) AND sr_counter(19)));

FTCPE_sr_counter21: FTCPE port map (sr_counter(21),sr_counter_T(21),iCLK,'0','0','1');
sr_counter_T(21) <= ((sr_counter_cmp_ge0000 AND sr_counter(21))
	OR (NOT sr_counter_cmp_ge0000 AND sr_counter(10) AND 
	sr_counter(0) AND sr_counter(6) AND sr_counter(1) AND sr_counter(2) AND 
	sr_counter(3) AND sr_counter(4) AND sr_counter(5) AND sr_counter(7) AND 
	sr_counter(8) AND sr_counter(9) AND sr_counter(11) AND sr_counter(12) AND 
	sr_counter(13) AND sr_counter(14) AND sr_counter(16) AND sr_counter(15) AND 
	sr_counter(18) AND sr_counter(17) AND sr_counter(19) AND sr_counter(20)));

FTCPE_sr_counter22: FTCPE port map (sr_counter(22),sr_counter_T(22),iCLK,'0','0','1');
sr_counter_T(22) <= ((sr_counter_cmp_ge0000 AND sr_counter(22))
	OR (NOT sr_counter_cmp_ge0000 AND sr_counter(10) AND 
	sr_counter(0) AND sr_counter(6) AND sr_counter(1) AND sr_counter(2) AND 
	sr_counter(3) AND sr_counter(4) AND sr_counter(5) AND sr_counter(7) AND 
	sr_counter(8) AND sr_counter(9) AND sr_counter(11) AND sr_counter(12) AND 
	sr_counter(13) AND sr_counter(14) AND sr_counter(16) AND sr_counter(15) AND 
	sr_counter(18) AND sr_counter(17) AND sr_counter(19) AND sr_counter(20) AND 
	sr_counter(21)));

FTCPE_sr_counter23: FTCPE port map (sr_counter(23),sr_counter_T(23),iCLK,'0','0','1');
sr_counter_T(23) <= ((sr_counter_cmp_ge0000 AND sr_counter(23))
	OR (NOT sr_counter_cmp_ge0000 AND sr_counter(10) AND 
	sr_counter(0) AND sr_counter(6) AND sr_counter(1) AND sr_counter(2) AND 
	sr_counter(3) AND sr_counter(4) AND sr_counter(5) AND sr_counter(7) AND 
	sr_counter(8) AND sr_counter(9) AND sr_counter(11) AND sr_counter(12) AND 
	sr_counter(13) AND sr_counter(14) AND sr_counter(16) AND sr_counter(15) AND 
	sr_counter(18) AND sr_counter(17) AND sr_counter(19) AND sr_counter(20) AND 
	sr_counter(21) AND sr_counter(22)));

FTCPE_sr_counter24: FTCPE port map (sr_counter(24),sr_counter_T(24),iCLK,'0','0','1');
sr_counter_T(24) <= ((sr_counter_cmp_ge0000 AND sr_counter(24))
	OR (NOT sr_counter_cmp_ge0000 AND sr_counter(10) AND 
	sr_counter(0) AND sr_counter(6) AND sr_counter(1) AND sr_counter(2) AND 
	sr_counter(3) AND sr_counter(4) AND sr_counter(5) AND sr_counter(7) AND 
	sr_counter(8) AND sr_counter(9) AND sr_counter(11) AND sr_counter(12) AND 
	sr_counter(13) AND sr_counter(14) AND sr_counter(16) AND sr_counter(15) AND 
	sr_counter(18) AND sr_counter(17) AND sr_counter(19) AND sr_counter(20) AND 
	sr_counter(21) AND sr_counter(22) AND sr_counter(23)));


sr_counter_cmp_ge0000 <= ((sr_counter(24) AND sr_counter(23))
	OR (sr_counter(18) AND sr_counter(17) AND sr_counter(19) AND 
	sr_counter(20) AND sr_counter(21) AND sr_counter(22) AND sr_counter(24))
	OR (sr_counter(16) AND sr_counter(15) AND sr_counter(18) AND 
	sr_counter(19) AND sr_counter(20) AND sr_counter(21) AND sr_counter(22) AND 
	sr_counter(24))
	OR (sr_counter(10) AND sr_counter(11) AND sr_counter(12) AND 
	sr_counter(13) AND sr_counter(14) AND sr_counter(16) AND sr_counter(18) AND 
	sr_counter(19) AND sr_counter(20) AND sr_counter(21) AND sr_counter(22) AND 
	sr_counter(24))
	OR (sr_counter(6) AND sr_counter(11) AND sr_counter(12) AND 
	sr_counter(13) AND sr_counter(14) AND sr_counter(16) AND sr_counter(18) AND 
	sr_counter(19) AND sr_counter(20) AND sr_counter(21) AND sr_counter(22) AND 
	sr_counter(24))
	OR (sr_counter(7) AND sr_counter(11) AND sr_counter(12) AND 
	sr_counter(13) AND sr_counter(14) AND sr_counter(16) AND sr_counter(18) AND 
	sr_counter(19) AND sr_counter(20) AND sr_counter(21) AND sr_counter(22) AND 
	sr_counter(24))
	OR (sr_counter(8) AND sr_counter(11) AND sr_counter(12) AND 
	sr_counter(13) AND sr_counter(14) AND sr_counter(16) AND sr_counter(18) AND 
	sr_counter(19) AND sr_counter(20) AND sr_counter(21) AND sr_counter(22) AND 
	sr_counter(24))
	OR (sr_counter(9) AND sr_counter(11) AND sr_counter(12) AND 
	sr_counter(13) AND sr_counter(14) AND sr_counter(16) AND sr_counter(18) AND 
	sr_counter(19) AND sr_counter(20) AND sr_counter(21) AND sr_counter(22) AND 
	sr_counter(24)));


Register Legend:
 FDCPE (Q,D,C,CLR,PRE,CE); 
 FDDCPE (Q,D,C,CLR,PRE,CE); 
 FTCPE (Q,D,C,CLR,PRE,CE); 
 FTDCPE (Q,D,C,CLR,PRE,CE); 
 LDCP  (Q,D,G,CLR,PRE); 

******************************  Device Pin Out *****************************

Device : XC2C32A-6-VQ44


   --------------------------------  
  /44 43 42 41 40 39 38 37 36 35 34 \
 | 1                             33 | 
 | 2                             32 | 
 | 3                             31 | 
 | 4                             30 | 
 | 5         XC2C32A-6-VQ44      29 | 
 | 6                             28 | 
 | 7                             27 | 
 | 8                             26 | 
 | 9                             25 | 
 | 10                            24 | 
 | 11                            23 | 
 \ 12 13 14 15 16 17 18 19 20 21 22 /
   --------------------------------  


Pin Signal                         Pin Signal                        
No. Name                           No. Name                          
  1 iCLK                             23 KPR                           
  2 KPR                              24 TDO                           
  3 KPR                              25 GND                           
  4 GND                              26 VCCIO-1.8                     
  5 KPR                              27 KPR                           
  6 KPR                              28 KPR                           
  7 VCCIO-1.8                        29 KPR                           
  8 KPR                              30 KPR                           
  9 TDI                              31 oLED<3>                       
 10 TMS                              32 oLED<2>                       
 11 TCK                              33 oLED<1>                       
 12 KPR                              34 oLED<0>                       
 13 KPR                              35 VCCAUX                        
 14 KPR                              36 KPR                           
 15 VCC                              37 KPR                           
 16 KPR                              38 KPR                           
 17 GND                              39 KPR                           
 18 KPR                              40 KPR                           
 19 KPR                              41 KPR                           
 20 KPR                              42 KPR                           
 21 KPR                              43 KPR                           
 22 KPR                              44 KPR                           


Legend :  NC  = Not Connected, unbonded pin
        PGND  = Unused I/O configured as additional Ground pin
         KPR  = Unused I/O with weak keeper (leave unconnected)
         WPU  = Unused I/O with weak pull up (leave unconnected)
         TIE  = Unused I/O floating -- must tie to VCC, GND or other signal
         VCC  = Dedicated Power Pin
      VCCAUX  = Power supply for JTAG pins
   VCCIO-3.3  = I/O supply voltage for LVTTL, LVCMOS33, SSTL3_I
   VCCIO-2.5  = I/O supply voltage for LVCMOS25, SSTL2_I
   VCCIO-1.8  = I/O supply voltage for LVCMOS18
   VCCIO-1.5  = I/O supply voltage for LVCMOS15, HSTL_I
        VREF  = Reference voltage for indicated input standard
       *VREF  = Reference voltage pin selected by software
         GND  = Dedicated Ground Pin
         TDI  = Test Data In, JTAG pin
         TDO  = Test Data Out, JTAG pin
         TCK  = Test Clock, JTAG pin
         TMS  = Test Mode Select, JTAG pin
  PROHIBITED  = User reserved pin
****************************  Compiler Options  ****************************

Following is a list of all global compiler options used by the fitter run.

Device(s) Specified                         : xc2c32a-6-VQ44
Optimization Method                         : DENSITY
Multi-Level Logic Optimization              : ON
Ignore Timing Specifications                : OFF
Default Register Power Up Value             : LOW
Keep User Location Constraints              : ON
What-You-See-Is-What-You-Get                : OFF
Exhaustive Fitting                          : OFF
Keep Unused Inputs                          : OFF
Slew Rate                                   : FAST
Set Unused I/O Pin Termination              : KEEPER
Global Clock Optimization                   : ON
Global Set/Reset Optimization               : ON
Global Ouput Enable Optimization            : ON
Enable Input Registers                      : ON
Function Block Fan-in Limit                 : 38
Use DATA_GATE Attribute                     : ON
Set Tristate Outputs to Termination Mode    : KEEPER
Default Voltage Standard for All Outputs    : LVCMOS18
Input Limit                                 : 32
Pterm Limit                                 : 28
